[1105/064603.669:WARNING:value_store_frontend.cc(45)] Reading mhjfbmdgcfjbbpaeojofohoefgiehjai.alarms from  failed: IO error: .../MANIFEST-000001: Unable to create sequential file (ChromeMethodBFE: 7::NewSequentialFile::1)
[1105/064646.103:WARNING:used_ids.h(55)] Duplicate id found. Reassigning from 104 to 127
[1105/064646.103:WARNING:used_ids.h(55)] Duplicate id found. Reassigning from 102 to 125
[1105/064646.103:WARNING:used_ids.h(55)] Duplicate id found. Reassigning from 104 to 124
[1105/064646.104:WARNING:used_ids.h(55)] Duplicate id found. Reassigning from 106 to 123
[1105/064646.104:WARNING:used_ids.h(55)] Duplicate id found. Reassigning from 110 to 122
[1105/064646.104:WARNING:used_ids.h(55)] Duplicate id found. Reassigning from 103 to 121
[1105/064646.104:WARNING:used_ids.h(55)] Duplicate id found. Reassigning from 105 to 120
[1105/064646.104:WARNING:used_ids.h(55)] Duplicate id found. Reassigning from 111 to 119
[1105/064646.104:WARNING:used_ids.h(55)] Duplicate id found. Reassigning from 1 to 14
[1105/064646.104:WARNING:used_ids.h(55)] Duplicate id found. Reassigning from 3 to 13
[1105/064646.104:WARNING:used_ids.h(55)] Duplicate id found. Reassigning from 5 to 12
[1105/064646.104:WARNING:used_ids.h(55)] Duplicate id found. Reassigning from 6 to 11
[1105/064646.104:ERROR:audio_rtp_receiver.cc(88)] AudioRtpReceiver::OnSetVolume: No audio channel exists.
[1105/064656.455:WARNING:spdy_session.cc(3431)] Received HEADERS for invalid stream 7
[1105/064800.975:ERROR:gpu_init.cc(426)] Passthrough is not supported, GL is disabled
[1105/064812.519:WARNING:used_ids.h(55)] Duplicate id found. Reassigning from 104 to 127
[1105/064812.519:WARNING:used_ids.h(55)] Duplicate id found. Reassigning from 102 to 125
[1105/064812.520:WARNING:used_ids.h(55)] Duplicate id found. Reassigning from 104 to 124
[1105/064812.520:WARNING:used_ids.h(55)] Duplicate id found. Reassigning from 106 to 123
[1105/064812.520:WARNING:used_ids.h(55)] Duplicate id found. Reassigning from 110 to 122
[1105/064812.520:WARNING:used_ids.h(55)] Duplicate id found. Reassigning from 103 to 121
[1105/064812.520:WARNING:used_ids.h(55)] Duplicate id found. Reassigning from 105 to 120
[1105/064812.520:WARNING:used_ids.h(55)] Duplicate id found. Reassigning from 111 to 119
[1105/064812.520:WARNING:used_ids.h(55)] Duplicate id found. Reassigning from 1 to 14
[1105/064812.520:WARNING:used_ids.h(55)] Duplicate id found. Reassigning from 3 to 13
[1105/064812.520:WARNING:used_ids.h(55)] Duplicate id found. Reassigning from 5 to 12
[1105/064812.520:WARNING:used_ids.h(55)] Duplicate id found. Reassigning from 6 to 11
[1105/064812.520:ERROR:audio_rtp_receiver.cc(88)] AudioRtpReceiver::OnSetVolume: No audio channel exists.
[1105/064812.881:WARNING:spdy_session.cc(3431)] Received HEADERS for invalid stream 7
